<?xml version="1.0" encoding="UTF-8"?>
<!-- Generated by org.testng.reporters.JUnitReportReporter -->
<testsuite hostname="NAG-MAC" name="com.example.LoginTest" tests="1" failures="0" timestamp="26 Feb 2020 12:23:55 GMT" time="6.729" errors="0">
  <testcase name="login" time="6.729" classname="com.example.LoginTest"/>
</testsuite> <!-- com.example.LoginTest -->
