<?xml version="1.0" encoding="UTF-8"?>
<!-- Generated by org.testng.reporters.JUnitReportReporter -->
<testsuite hostname="NAG-MAC" name="com.example.LoginTest" tests="2" failures="0" timestamp="27 Feb 2020 10:07:55 GMT" time="4.199" errors="0">
  <testcase name="loginFailure" time="2.346" classname="com.example.LoginTest"/>
  <testcase name="loginSuccess" time="1.853" classname="com.example.LoginTest"/>
</testsuite> <!-- com.example.LoginTest -->
