<?xml version="1.0" encoding="UTF-8"?>
<!-- Generated by org.testng.reporters.JUnitReportReporter -->
<testsuite skipped="0" hostname="NAG-MAC" name="com.example.demo.tdd.LoginUITest" tests="2" failures="0" timestamp="02 Mar 2020 11:48:26 GMT" time="0.558" errors="0">
  <testcase name="login" time="0.392" classname="com.example.demo.tdd.LoginUITest"/>
  <testcase name="login" time="0.166" classname="com.example.demo.tdd.LoginUITest"/>
</testsuite> <!-- com.example.demo.tdd.LoginUITest -->
