<?xml version="1.0" encoding="UTF-8"?>
<!-- Generated by org.testng.reporters.JUnitReportReporter -->
<testsuite skipped="0" hostname="NAG-MAC" name="com.example.demo.bdd.LoginUITest" tests="1" failures="0" timestamp="02 Mar 2020 10:59:42 GMT" time="2.920" errors="0">
  <testcase name="runScenario" time="2.920" classname="com.example.demo.bdd.LoginUITest"/>
</testsuite> <!-- com.example.demo.bdd.LoginUITest -->
