<?xml version="1.0" encoding="UTF-8"?>
<!-- Generated by org.testng.reporters.JUnitReportReporter -->
<testsuite skipped="0" hostname="NAG-MAC" name="com.example.SimpleTest" tests="2" failures="0" timestamp="2020-02-21T15:44:55 IST" time="0.011" errors="0">
  <testcase name="beFalse" time="0.008" classname="com.example.SimpleTest"/>
  <testcase name="beTrue" time="0.003" classname="com.example.SimpleTest"/>
</testsuite> <!-- com.example.SimpleTest -->
