<?xml version="1.0" encoding="UTF-8"?>
<!-- Generated by org.testng.reporters.JUnitReportReporter -->
<testsuite skipped="0" hostname="NAG-MAC" name="com.example.CalculatorTest" tests="1" failures="0" timestamp="2020-02-21T16:54:22 IST" time="0.271" errors="0">
  <testcase name="add" time="0.271" classname="com.example.CalculatorTest"/>
</testsuite> <!-- com.example.CalculatorTest -->
